--------------- 05-09-2010, 14:06:40 ---------------
| DC v0.4.6 alpha Rev. 2886 -- x86_64-Linux-gtk2
| Ubuntu 10.04.1 LTS -- GTK 2.20.1
Unhandled exception: ERangeError: Range check error
  Stack trace:
  $0000000000980974
  $0000000000980619
  $000000000091B457
  $000000000098D6DA
  $00000000008B20E4
  $00000000008AACE0
  $00000000008A315E
  $00000000008A0640
  $0000000000589152
  $000000000058E00A
  $000000000057BFE9
  $000000000055BE43
  $000000000055A0FD
  $00000000005616EE
  $000000000056A527
  $00000000004F4466

--------------- 05-09-2010, 14:06:47 ---------------
| DC v0.4.6 alpha Rev. 2886 -- x86_64-Linux-gtk2
| Ubuntu 10.04.1 LTS -- GTK 2.20.1
Unhandled exception: Exception: Unknown Run-Time error : 210
  Stack trace:
  $000000000057F702
  $00000000005676F4
  $0000000000565B12
  $0000000000567F5A
  $000000000056848A
  $00000000005A23E8
  $000000000056842C
  $00000000004F44FC

--------------- 05-09-2010, 14:07:09 ---------------
| DC v0.4.6 alpha Rev. 2886 -- x86_64-Linux-gtk2
| Ubuntu 10.04.1 LTS -- GTK 2.20.1
Unhandled exception: ERangeError: Range check error
  Stack trace:
  $0000000000980974
  $0000000000980619
  $000000000091B457
  $000000000098D6DA
  $00000000008B20E4
  $00000000008AACE0
  $00000000008A315E
  $00000000008A0640
  $0000000000589152
  $000000000058E00A
  $000000000057BFE9
  $000000000055BE43
  $000000000055A0FD
  $00000000005616EE
  $000000000056A527
  $00000000004F4466

--------------- 05-09-2010, 14:07:12 ---------------
| DC v0.4.6 alpha Rev. 2886 -- x86_64-Linux-gtk2
| Ubuntu 10.04.1 LTS -- GTK 2.20.1
Unhandled exception: Exception: Unknown Run-Time error : 210
  Stack trace:
  $000000000057F702
  $00000000005676F4
  $0000000000565B12
  $0000000000567F5A
  $000000000056848A
  $00000000005A23E8
  $000000000056842C
  $00000000004F44FC

--------------- 05-09-2010, 14:10:18 ---------------
| DC v0.4.6 alpha Rev. 2886 -- x86_64-Linux-gtk2
| Ubuntu 10.04.1 LTS -- GTK 2.20.1
Unhandled exception: Exception: Unknown Run-Time error : 210
  Stack trace:
  $0000000000590099
  $000000000057D091
  $000000000055C06B
  $000000000055A1A6
  $000000000055A1E0
  $000000000050375A
  $0000000000556923
  $00000000005086E7

