TagLib: Could not open file /path/to/music_folder/C/Camel/Rain Dances/01 - First Light.mp3
TagLib: Could not open file /path/to/music_folder/A/AC-DC/Back In Black/01 - Hell's Bells.mp3
TagLib: MPEG::Header::parse() -- Invalid sample rate.
TagLib: MPEG::Properties::read() -- Page headers were invalid.
TagLib: MPEG::Header::parse() -- Invalid sample rate.
TagLib: MPEG::Header::parse() -- Invalid sample rate.
TagLib: MPEG::Properties::read() -- Page headers were invalid.
TagLib: MPEG::Header::parse() -- Invalid sample rate.
TagLib: MPEG::Header::parse() -- Invalid sample rate.
TagLib: MPEG::Header::parse() -- Invalid sample rate.
TagLib: MPEG::Header::parse() -- Invalid sample rate.
TagLib: ID3v2.4 no longer supports the frame type TDAT.  It will be discarded from the tag.
TagLib: ID3v2.4 no longer supports the frame type TDAT.  It will be discarded from the tag.
TagLib: ID3v2.4 no longer supports the frame type TDAT.  It will be discarded from the tag.
TagLib: ID3v2.4 no longer supports the frame type TDAT.  It will be discarded from the tag.
TagLib: ID3v2.4 no longer supports the frame type TDAT.  It will be discarded from the tag.
TagLib: ID3v2.4 no longer supports the frame type TDAT.  It will be discarded from the tag.
TagLib: ID3v2.4 no longer supports the frame type TDAT.  It will be discarded from the tag.
TagLib: MPEG::Header::parse() -- Invalid sample rate.
TagLib: MPEG::Properties::read() -- Page headers were invalid.
TagLib: MPEG::Header::parse() -- Invalid sample rate.
TagLib: MPEG::Header::parse() -- Invalid sample rate.
TagLib: MPEG::Properties::read() -- Page headers were invalid.
TagLib: MPEG::Header::parse() -- Invalid sample rate.
TagLib: ID3v2.4 no longer supports the frame type TDAT.  It will be discarded from the tag.
TagLib: ID3v2.4 no longer supports the frame type TDAT.  It will be discarded from the tag.
TagLib: ID3v2.4 no longer supports the frame type TDAT.  It will be discarded from the tag.
TagLib: ID3v2.4 no longer supports the frame type TDAT.  It will be discarded from the tag.
TagLib: ID3v2.4 no longer supports the frame type TDAT.  It will be discarded from the tag.
